01:23:45 AM INFO - Starting new HTTP connection (2): www.reddit.com
01:23:45 AM DEBUG - "GET /r/slomobob/comments/.json?limit=1024 HTTP/1.1" 200 6116
01:23:45 AM DEBUG - searching for deltas in comment cqwsq16
01:23:45 AM DEBUG - searching for deltas in comment cqwsp0f
01:23:45 AM DEBUG - DELTA FOUND
01:23:45 AM DEBUG - Checking for correct comment author and position of cqwsp0f
01:23:47 AM DEBUG - "GET /comments/34pa3d/_/cqwsp0f.json HTTP/1.1" 200 921
01:23:49 AM DEBUG - "GET /user/slomobob/about/.json HTTP/1.1" 200 None
01:23:53 AM INFO - Starting new HTTP connection (3): www.reddit.com
01:23:53 AM DEBUG - "GET /api/info/.json?id=t1_cqwsobt HTTP/1.1" 200 483
01:23:55 AM DEBUG - "GET /user/dBotSubIII/about/.json HTTP/1.1" 200 None
01:23:55 AM DEBUG - looking for previous deltas in History
01:23:55 AM ERROR - Error Code object of type 'NoneType' has no len()
01:23:55 AM ERROR - Waiting for you to notice
01:27:45 AM INFO - Starting new HTTP connection (2): www.reddit.com
01:27:45 AM DEBUG - "GET /r/slomobob/comments/.json?limit=1024 HTTP/1.1" 200 6115
01:27:45 AM DEBUG - searching for deltas in comment cqwsq16
01:27:45 AM DEBUG - searching for deltas in comment cqwsp0f
01:27:47 AM DEBUG - "GET /r/slomobob/about/.json HTTP/1.1" 200 508
01:28:11 AM DEBUG - DELTA FOUND
01:28:11 AM DEBUG - Checking for correct comment author and position of cqwsp0f
01:28:11 AM DEBUG - "GET /comments/34pa3d/_/cqwsp0f.json HTTP/1.1" 200 920
01:28:13 AM DEBUG - "GET /user/slomobob/about/.json HTTP/1.1" 200 None
01:28:17 AM INFO - Starting new HTTP connection (3): www.reddit.com
01:28:17 AM DEBUG - "GET /api/info/.json?id=t1_cqwsobt HTTP/1.1" 200 484
01:28:19 AM DEBUG - "GET /user/dBotSubIII/about/.json HTTP/1.1" 200 None
01:28:19 AM DEBUG - looking for previous deltas in History
01:28:19 AM ERROR - Error Code object of type 'NoneType' has no len()
01:28:19 AM ERROR - Waiting for you to notice
